<?xml version="1.0" encoding="UTF-8"?><testsuite errors="0" failures="0" name="com.petstore.testsutie.PetCrud" skipped="0" tests="3" time="11.44" timestamp="2023-01-03T17:21:59.965Z[Europe/London]"><testcase classname="com.petstore.testsutie.PetCrud" name="This will create new user"/><testcase classname="com.petstore.testsutie.PetCrud" name="This test will Update the user information"/><testcase classname="com.petstore.testsutie.PetCrud" name="Delete the pet and verify if the user is deleted!"/></testsuite>