<?xml version="1.0" encoding="UTF-8"?><testsuite errors="0" failures="0" name="com.petstore.testsutie.UserCrud" skipped="0" tests="3" time="10.39" timestamp="2023-01-03T17:22:28.720Z[Europe/London]"><testcase classname="com.petstore.testsutie.UserCrud" name="This will create new user"/><testcase classname="com.petstore.testsutie.UserCrud" name="This test will Update the user information"/><testcase classname="com.petstore.testsutie.UserCrud" name="Delete the pet and verify if the user is deleted!"/></testsuite>